# JRE version: Java(TM) SE Runtime Environment (8.0_281-b09) (build 1.8.0_281-b09)
# Java VM: Java HotSpot(TM) 64-Bit Server VM (25.281-b09 mixed mode windows-amd64 compressed oops)
Heap:
 PSYoungGen      total 151040K, used 91185K [0x00000000f5580000, 0x0000000100000000, 0x0000000100000000)
  eden space 133632K, 55% used [0x00000000f5580000,0x00000000f9da6598,0x00000000fd800000)
  from space 17408K, 99% used [0x00000000fd800000,0x00000000fe8e5e78,0x00000000fe900000)
  to   space 22016K, 0% used [0x00000000fea80000,0x00000000fea80000,0x0000000100000000)
 ParOldGen       total 186880K, used 36011K [0x00000000e0000000, 0x00000000eb680000, 0x00000000f5580000)
  object space 186880K, 19% used [0x00000000e0000000,0x00000000e232ad70,0x00000000eb680000)
 Metaspace       used 66633K, capacity 70372K, committed 70528K, reserved 1110016K
  class space    used 9520K, capacity 10365K, committed 10368K, reserved 1048576K
GC Heap History (10 events):
Event: 9.858 GC heap before
{Heap before GC invocations=10 (full 2):
 PSYoungGen      total 123392K, used 110592K [0x00000000f5580000, 0x0000000100000000, 0x0000000100000000)
  eden space 110592K, 100% used [0x00000000f5580000,0x00000000fc180000,0x00000000fc180000)
  from space 12800K, 0% used [0x00000000fc180000,0x00000000fc180000,0x00000000fce00000)
  to   space 12800K, 0% used [0x00000000ff380000,0x00000000ff380000,0x0000000100000000)
 ParOldGen       total 175104K, used 16753K [0x00000000e0000000, 0x00000000eab00000, 0x00000000f5580000)
  object space 175104K, 9% used [0x00000000e0000000,0x00000000e105c498,0x00000000eab00000)
 Metaspace       used 37963K, capacity 39770K, committed 40064K, reserved 1083392K
  class space    used 5330K, capacity 5709K, committed 5760K, reserved 1048576K
Event: 9.864 GC heap after
Heap after GC invocations=10 (full 2):
 PSYoungGen      total 161792K, used 6227K [0x00000000f5580000, 0x0000000100000000, 0x0000000100000000)
  eden space 148992K, 0% used [0x00000000f5580000,0x00000000f5580000,0x00000000fe700000)
  from space 12800K, 48% used [0x00000000ff380000,0x00000000ff994f90,0x0000000100000000)
  to   space 12800K, 0% used [0x00000000fe700000,0x00000000fe700000,0x00000000ff380000)
 ParOldGen       total 175104K, used 16761K [0x00000000e0000000, 0x00000000eab00000, 0x00000000f5580000)
  object space 175104K, 9% used [0x00000000e0000000,0x00000000e105e498,0x00000000eab00000)
 Metaspace       used 37963K, capacity 39770K, committed 40064K, reserved 1083392K
  class space    used 5330K, capacity 5709K, committed 5760K, reserved 1048576K
}
Event: 11.244 GC heap before
{Heap before GC invocations=11 (full 2):
 PSYoungGen      total 161792K, used 155219K [0x00000000f5580000, 0x0000000100000000, 0x0000000100000000)
  eden space 148992K, 100% used [0x00000000f5580000,0x00000000fe700000,0x00000000fe700000)
  from space 12800K, 48% used [0x00000000ff380000,0x00000000ff994f90,0x0000000100000000)
  to   space 12800K, 0% used [0x00000000fe700000,0x00000000fe700000,0x00000000ff380000)
 ParOldGen       total 175104K, used 16761K [0x00000000e0000000, 0x00000000eab00000, 0x00000000f5580000)
  object space 175104K, 9% used [0x00000000e0000000,0x00000000e105e498,0x00000000eab00000)
 Metaspace       used 51368K, capacity 53676K, committed 54016K, reserved 1095680K
  class space    used 7049K, capacity 7562K, committed 7680K, reserved 1048576K
Event: 11.257 GC heap after
Heap after GC invocations=11 (full 2):
 PSYoungGen      total 161792K, used 12783K [0x00000000f5580000, 0x0000000100000000, 0x0000000100000000)
  eden space 148992K, 0% used [0x00000000f5580000,0x00000000f5580000,0x00000000fe700000)
  from space 12800K, 99% used [0x00000000fe700000,0x00000000ff37bca8,0x00000000ff380000)
  to   space 12800K, 0% used [0x00000000ff380000,0x00000000ff380000,0x0000000100000000)
 ParOldGen       total 175104K, used 24835K [0x00000000e0000000, 0x00000000eab00000, 0x00000000f5580000)
  object space 175104K, 14% used [0x00000000e0000000,0x00000000e1840d20,0x00000000eab00000)
 Metaspace       used 51368K, capacity 53676K, committed 54016K, reserved 1095680K
  class space    used 7049K, capacity 7562K, committed 7680K, reserved 1048576K
}
Event: 14.882 GC heap before
{Heap before GC invocations=12 (full 2):
 PSYoungGen      total 161792K, used 97325K [0x00000000f5580000, 0x0000000100000000, 0x0000000100000000)
  eden space 148992K, 56% used [0x00000000f5580000,0x00000000fa80f9e0,0x00000000fe700000)
  from space 12800K, 99% used [0x00000000fe700000,0x00000000ff37bca8,0x00000000ff380000)
  to   space 12800K, 0% used [0x00000000ff380000,0x00000000ff380000,0x0000000100000000)
 ParOldGen       total 175104K, used 24835K [0x00000000e0000000, 0x00000000eab00000, 0x00000000f5580000)
  object space 175104K, 14% used [0x00000000e0000000,0x00000000e1840d20,0x00000000eab00000)
 Metaspace       used 56158K, capacity 58880K, committed 59136K, reserved 1099776K
  class space    used 7840K, capacity 8420K, committed 8448K, reserved 1048576K
Event: 14.894 GC heap after
Heap after GC invocations=12 (full 2):
 PSYoungGen      total 146432K, used 12788K [0x00000000f5580000, 0x0000000100000000, 0x0000000100000000)
  eden space 133632K, 0% used [0x00000000f5580000,0x00000000f5580000,0x00000000fd800000)
  from space 12800K, 99% used [0x00000000ff380000,0x00000000ffffd0f8,0x0000000100000000)
  to   space 20480K, 0% used [0x00000000fd800000,0x00000000fd800000,0x00000000fec00000)
 ParOldGen       total 175104K, used 32931K [0x00000000e0000000, 0x00000000eab00000, 0x00000000f5580000)
  object space 175104K, 18% used [0x00000000e0000000,0x00000000e2028e10,0x00000000eab00000)
 Metaspace       used 56158K, capacity 58880K, committed 59136K, reserved 1099776K
  class space    used 7840K, capacity 8420K, committed 8448K, reserved 1048576K
}
Event: 14.895 GC heap before
{Heap before GC invocations=13 (full 3):
 PSYoungGen      total 146432K, used 12788K [0x00000000f5580000, 0x0000000100000000, 0x0000000100000000)
  eden space 133632K, 0% used [0x00000000f5580000,0x00000000f5580000,0x00000000fd800000)
  from space 12800K, 99% used [0x00000000ff380000,0x00000000ffffd0f8,0x0000000100000000)
  to   space 20480K, 0% used [0x00000000fd800000,0x00000000fd800000,0x00000000fec00000)
 ParOldGen       total 175104K, used 32931K [0x00000000e0000000, 0x00000000eab00000, 0x00000000f5580000)
  object space 175104K, 18% used [0x00000000e0000000,0x00000000e2028e10,0x00000000eab00000)
 Metaspace       used 56158K, capacity 58880K, committed 59136K, reserved 1099776K
  class space    used 7840K, capacity 8420K, committed 8448K, reserved 1048576K
Event: 15.098 GC heap after
Heap after GC invocations=13 (full 3):
 PSYoungGen      total 146432K, used 0K [0x00000000f5580000, 0x0000000100000000, 0x0000000100000000)
  eden space 133632K, 0% used [0x00000000f5580000,0x00000000f5580000,0x00000000fd800000)
  from space 12800K, 0% used [0x00000000ff380000,0x00000000ff380000,0x0000000100000000)
  to   space 20480K, 0% used [0x00000000fd800000,0x00000000fd800000,0x00000000fec00000)
 ParOldGen       total 186880K, used 36003K [0x00000000e0000000, 0x00000000eb680000, 0x00000000f5580000)
  object space 186880K, 19% used [0x00000000e0000000,0x00000000e2328d70,0x00000000eb680000)
 Metaspace       used 56102K, capacity 58694K, committed 59136K, reserved 1099776K
  class space    used 7822K, capacity 8389K, committed 8448K, reserved 1048576K
}
Event: 17.249 GC heap before
{Heap before GC invocations=14 (full 3):
 PSYoungGen      total 146432K, used 133632K [0x00000000f5580000, 0x0000000100000000, 0x0000000100000000)
  eden space 133632K, 100% used [0x00000000f5580000,0x00000000fd800000,0x00000000fd800000)
  from space 12800K, 0% used [0x00000000ff380000,0x00000000ff380000,0x0000000100000000)
  to   space 20480K, 0% used [0x00000000fd800000,0x00000000fd800000,0x00000000fec00000)
 ParOldGen       total 186880K, used 36003K [0x00000000e0000000, 0x00000000eb680000, 0x00000000f5580000)
  object space 186880K, 19% used [0x00000000e0000000,0x00000000e2328d70,0x00000000eb680000)
 Metaspace       used 63089K, capacity 66482K, committed 66688K, reserved 1105920K
  class space    used 8950K, capacity 9732K, committed 9856K, reserved 1048576K
Event: 17.258 GC heap after
Heap after GC invocations=14 (full 3):
 PSYoungGen      total 151040K, used 17303K [0x00000000f5580000, 0x0000000100000000, 0x0000000100000000)
  eden space 133632K, 0% used [0x00000000f5580000,0x00000000f5580000,0x00000000fd800000)
  from space 17408K, 99% used [0x00000000fd800000,0x00000000fe8e5e78,0x00000000fe900000)
  to   space 22016K, 0% used [0x00000000fea80000,0x00000000fea80000,0x0000000100000000)
 ParOldGen       total 186880K, used 36011K [0x00000000e0000000, 0x00000000eb680000, 0x00000000f5580000)
  object space 186880K, 19% used [0x00000000e0000000,0x00000000e232ad70,0x00000000eb680000)
 Metaspace       used 63089K, capacity 66482K, committed 66688K, reserved 1105920K
  class space    used 8950K, capacity 9732K, committed 9856K, reserved 1048576K
}

