# JRE version: OpenJDK Runtime Environment (8.0_282-b08) (build 1.8.0_282-b08)
# Java VM: OpenJDK 64-Bit Server VM (25.282-b08 mixed mode windows-amd64 compressed oops)
Heap:
 PSYoungGen      total 155648K, used 19022K [0x00000000f5580000, 0x00000000ff980000, 0x0000000100000000)
  eden space 143360K, 13% used [0x00000000f5580000,0x00000000f6813a30,0x00000000fe180000)
  from space 12288K, 0% used [0x00000000fe180000,0x00000000fe180000,0x00000000fed80000)
  to   space 10240K, 0% used [0x00000000fef80000,0x00000000fef80000,0x00000000ff980000)
 ParOldGen       total 175104K, used 23468K [0x00000000e0000000, 0x00000000eab00000, 0x00000000f5580000)
  object space 175104K, 13% used [0x00000000e0000000,0x00000000e16eb340,0x00000000eab00000)
 Metaspace       used 44784K, capacity 46746K, committed 46848K, reserved 1091584K
  class space    used 6196K, capacity 6648K, committed 6656K, reserved 1048576K
GC Heap History (10 events):
Event: 14.143 GC heap before
{Heap before GC invocations=8 (full 1):
 PSYoungGen      total 98816K, used 41897K [0x00000000f5580000, 0x00000000fc380000, 0x0000000100000000)
  eden space 88064K, 36% used [0x00000000f5580000,0x00000000f7486cc8,0x00000000fab80000)
  from space 10752K, 94% used [0x00000000fb900000,0x00000000fc2e3838,0x00000000fc380000)
  to   space 12288K, 0% used [0x00000000fab80000,0x00000000fab80000,0x00000000fb780000)
 ParOldGen       total 175104K, used 8621K [0x00000000e0000000, 0x00000000eab00000, 0x00000000f5580000)
  object space 175104K, 4% used [0x00000000e0000000,0x00000000e086b400,0x00000000eab00000)
 Metaspace       used 34226K, capacity 35438K, committed 35496K, reserved 1079296K
  class space    used 4784K, capacity 5077K, committed 5120K, reserved 1048576K
Event: 14.173 GC heap after
Heap after GC invocations=8 (full 1):
 PSYoungGen      total 100352K, used 9552K [0x00000000f5580000, 0x00000000ffb80000, 0x0000000100000000)
  eden space 88064K, 0% used [0x00000000f5580000,0x00000000f5580000,0x00000000fab80000)
  from space 12288K, 77% used [0x00000000fab80000,0x00000000fb4d42d0,0x00000000fb780000)
  to   space 12288K, 0% used [0x00000000fef80000,0x00000000fef80000,0x00000000ffb80000)
 ParOldGen       total 175104K, used 8629K [0x00000000e0000000, 0x00000000eab00000, 0x00000000f5580000)
  object space 175104K, 4% used [0x00000000e0000000,0x00000000e086d400,0x00000000eab00000)
 Metaspace       used 34226K, capacity 35438K, committed 35496K, reserved 1079296K
  class space    used 4784K, capacity 5077K, committed 5120K, reserved 1048576K
}
Event: 14.173 GC heap before
{Heap before GC invocations=9 (full 2):
 PSYoungGen      total 100352K, used 9552K [0x00000000f5580000, 0x00000000ffb80000, 0x0000000100000000)
  eden space 88064K, 0% used [0x00000000f5580000,0x00000000f5580000,0x00000000fab80000)
  from space 12288K, 77% used [0x00000000fab80000,0x00000000fb4d42d0,0x00000000fb780000)
  to   space 12288K, 0% used [0x00000000fef80000,0x00000000fef80000,0x00000000ffb80000)
 ParOldGen       total 175104K, used 8629K [0x00000000e0000000, 0x00000000eab00000, 0x00000000f5580000)
  object space 175104K, 4% used [0x00000000e0000000,0x00000000e086d400,0x00000000eab00000)
 Metaspace       used 34226K, capacity 35438K, committed 35496K, reserved 1079296K
  class space    used 4784K, capacity 5077K, committed 5120K, reserved 1048576K
Event: 14.262 GC heap after
Heap after GC invocations=9 (full 2):
 PSYoungGen      total 100352K, used 0K [0x00000000f5580000, 0x00000000ffb80000, 0x0000000100000000)
  eden space 88064K, 0% used [0x00000000f5580000,0x00000000f5580000,0x00000000fab80000)
  from space 12288K, 0% used [0x00000000fab80000,0x00000000fab80000,0x00000000fb780000)
  to   space 12288K, 0% used [0x00000000fef80000,0x00000000fef80000,0x00000000ffb80000)
 ParOldGen       total 175104K, used 16550K [0x00000000e0000000, 0x00000000eab00000, 0x00000000f5580000)
  object space 175104K, 9% used [0x00000000e0000000,0x00000000e1029a80,0x00000000eab00000)
 Metaspace       used 34226K, capacity 35438K, committed 35496K, reserved 1079296K
  class space    used 4784K, capacity 5077K, committed 5120K, reserved 1048576K
}
Event: 15.437 GC heap before
{Heap before GC invocations=10 (full 2):
 PSYoungGen      total 100352K, used 88064K [0x00000000f5580000, 0x00000000ffb80000, 0x0000000100000000)
  eden space 88064K, 100% used [0x00000000f5580000,0x00000000fab80000,0x00000000fab80000)
  from space 12288K, 0% used [0x00000000fab80000,0x00000000fab80000,0x00000000fb780000)
  to   space 12288K, 0% used [0x00000000fef80000,0x00000000fef80000,0x00000000ffb80000)
 ParOldGen       total 175104K, used 16550K [0x00000000e0000000, 0x00000000eab00000, 0x00000000f5580000)
  object space 175104K, 9% used [0x00000000e0000000,0x00000000e1029a80,0x00000000eab00000)
 Metaspace       used 37705K, capacity 39262K, committed 39552K, reserved 1083392K
  class space    used 5283K, capacity 5635K, committed 5760K, reserved 1048576K
Event: 15.452 GC heap after
Heap after GC invocations=10 (full 2):
 PSYoungGen      total 153600K, used 5467K [0x00000000f5580000, 0x00000000ff980000, 0x0000000100000000)
  eden space 143360K, 0% used [0x00000000f5580000,0x00000000f5580000,0x00000000fe180000)
  from space 10240K, 53% used [0x00000000fef80000,0x00000000ff4d6f68,0x00000000ff980000)
  to   space 12288K, 0% used [0x00000000fe180000,0x00000000fe180000,0x00000000fed80000)
 ParOldGen       total 175104K, used 16558K [0x00000000e0000000, 0x00000000eab00000, 0x00000000f5580000)
  object space 175104K, 9% used [0x00000000e0000000,0x00000000e102ba80,0x00000000eab00000)
 Metaspace       used 37705K, capacity 39262K, committed 39552K, reserved 1083392K
  class space    used 5283K, capacity 5635K, committed 5760K, reserved 1048576K
}
Event: 16.470 GC heap before
{Heap before GC invocations=11 (full 2):
 PSYoungGen      total 153600K, used 72979K [0x00000000f5580000, 0x00000000ff980000, 0x0000000100000000)
  eden space 143360K, 47% used [0x00000000f5580000,0x00000000f976dfa8,0x00000000fe180000)
  from space 10240K, 53% used [0x00000000fef80000,0x00000000ff4d6f68,0x00000000ff980000)
  to   space 12288K, 0% used [0x00000000fe180000,0x00000000fe180000,0x00000000fed80000)
 ParOldGen       total 175104K, used 16558K [0x00000000e0000000, 0x00000000eab00000, 0x00000000f5580000)
  object space 175104K, 9% used [0x00000000e0000000,0x00000000e102ba80,0x00000000eab00000)
 Metaspace       used 42335K, capacity 44130K, committed 44288K, reserved 1091584K
  class space    used 5880K, capacity 6304K, committed 6400K, reserved 1048576K
Event: 16.485 GC heap after
Heap after GC invocations=11 (full 2):
 PSYoungGen      total 155648K, used 8473K [0x00000000f5580000, 0x00000000ff980000, 0x0000000100000000)
  eden space 143360K, 0% used [0x00000000f5580000,0x00000000f5580000,0x00000000fe180000)
  from space 12288K, 68% used [0x00000000fe180000,0x00000000fe9c6588,0x00000000fed80000)
  to   space 10240K, 0% used [0x00000000fef80000,0x00000000fef80000,0x00000000ff980000)
 ParOldGen       total 175104K, used 16566K [0x00000000e0000000, 0x00000000eab00000, 0x00000000f5580000)
  object space 175104K, 9% used [0x00000000e0000000,0x00000000e102da80,0x00000000eab00000)
 Metaspace       used 42335K, capacity 44130K, committed 44288K, reserved 1091584K
  class space    used 5880K, capacity 6304K, committed 6400K, reserved 1048576K
}
Event: 16.485 GC heap before
{Heap before GC invocations=12 (full 3):
 PSYoungGen      total 155648K, used 8473K [0x00000000f5580000, 0x00000000ff980000, 0x0000000100000000)
  eden space 143360K, 0% used [0x00000000f5580000,0x00000000f5580000,0x00000000fe180000)
  from space 12288K, 68% used [0x00000000fe180000,0x00000000fe9c6588,0x00000000fed80000)
  to   space 10240K, 0% used [0x00000000fef80000,0x00000000fef80000,0x00000000ff980000)
 ParOldGen       total 175104K, used 16566K [0x00000000e0000000, 0x00000000eab00000, 0x00000000f5580000)
  object space 175104K, 9% used [0x00000000e0000000,0x00000000e102da80,0x00000000eab00000)
 Metaspace       used 42335K, capacity 44130K, committed 44288K, reserved 1091584K
  class space    used 5880K, capacity 6304K, committed 6400K, reserved 1048576K
Event: 16.673 GC heap after
Heap after GC invocations=12 (full 3):
 PSYoungGen      total 155648K, used 0K [0x00000000f5580000, 0x00000000ff980000, 0x0000000100000000)
  eden space 143360K, 0% used [0x00000000f5580000,0x00000000f5580000,0x00000000fe180000)
  from space 12288K, 0% used [0x00000000fe180000,0x00000000fe180000,0x00000000fed80000)
  to   space 10240K, 0% used [0x00000000fef80000,0x00000000fef80000,0x00000000ff980000)
 ParOldGen       total 175104K, used 23468K [0x00000000e0000000, 0x00000000eab00000, 0x00000000f5580000)
  object space 175104K, 13% used [0x00000000e0000000,0x00000000e16eb340,0x00000000eab00000)
 Metaspace       used 42335K, capacity 44130K, committed 44288K, reserved 1089536K
  class space    used 5880K, capacity 6304K, committed 6400K, reserved 1048576K
}

