# JRE version: Java(TM) SE Runtime Environment (8.0_281-b09) (build 1.8.0_281-b09)
# Java VM: Java HotSpot(TM) 64-Bit Server VM (25.281-b09 mixed mode windows-amd64 compressed oops)
Heap:
 PSYoungGen      total 144384K, used 105202K [0x00000000f5580000, 0x0000000100000000, 0x0000000100000000)
  eden space 124416K, 68% used [0x00000000f5580000,0x00000000fa8bf728,0x00000000fcf00000)
  from space 19968K, 99% used [0x00000000fec80000,0x00000000ffffd388,0x0000000100000000)
  to   space 25088K, 0% used [0x00000000fcf00000,0x00000000fcf00000,0x00000000fe780000)
 ParOldGen       total 187904K, used 39305K [0x00000000e0000000, 0x00000000eb780000, 0x00000000f5580000)
  object space 187904K, 20% used [0x00000000e0000000,0x00000000e2662480,0x00000000eb780000)
 Metaspace       used 72392K, capacity 76734K, committed 77056K, reserved 1116160K
  class space    used 9995K, capacity 10886K, committed 11008K, reserved 1048576K
GC Heap History (10 events):
Event: 11.375 GC heap before
{Heap before GC invocations=11 (full 2):
 PSYoungGen      total 161280K, used 154923K [0x00000000f5580000, 0x0000000100000000, 0x0000000100000000)
  eden space 148992K, 100% used [0x00000000f5580000,0x00000000fe700000,0x00000000fe700000)
  from space 12288K, 48% used [0x00000000ff400000,0x00000000ff9cae40,0x0000000100000000)
  to   space 12800K, 0% used [0x00000000fe700000,0x00000000fe700000,0x00000000ff380000)
 ParOldGen       total 175104K, used 16581K [0x00000000e0000000, 0x00000000eab00000, 0x00000000f5580000)
  object space 175104K, 9% used [0x00000000e0000000,0x00000000e1031710,0x00000000eab00000)
 Metaspace       used 51367K, capacity 53718K, committed 54016K, reserved 1095680K
  class space    used 7050K, capacity 7566K, committed 7680K, reserved 1048576K
Event: 11.391 GC heap after
Heap after GC invocations=11 (full 2):
 PSYoungGen      total 161792K, used 12782K [0x00000000f5580000, 0x0000000100000000, 0x0000000100000000)
  eden space 148992K, 0% used [0x00000000f5580000,0x00000000f5580000,0x00000000fe700000)
  from space 12800K, 99% used [0x00000000fe700000,0x00000000ff37b9e8,0x00000000ff380000)
  to   space 12800K, 0% used [0x00000000ff380000,0x00000000ff380000,0x0000000100000000)
 ParOldGen       total 175104K, used 24645K [0x00000000e0000000, 0x00000000eab00000, 0x00000000f5580000)
  object space 175104K, 14% used [0x00000000e0000000,0x00000000e1811450,0x00000000eab00000)
 Metaspace       used 51367K, capacity 53718K, committed 54016K, reserved 1095680K
  class space    used 7050K, capacity 7566K, committed 7680K, reserved 1048576K
}
Event: 13.757 GC heap before
{Heap before GC invocations=12 (full 2):
 PSYoungGen      total 161792K, used 98160K [0x00000000f5580000, 0x0000000100000000, 0x0000000100000000)
  eden space 148992K, 57% used [0x00000000f5580000,0x00000000fa8e09b0,0x00000000fe700000)
  from space 12800K, 99% used [0x00000000fe700000,0x00000000ff37b9e8,0x00000000ff380000)
  to   space 12800K, 0% used [0x00000000ff380000,0x00000000ff380000,0x0000000100000000)
 ParOldGen       total 175104K, used 24645K [0x00000000e0000000, 0x00000000eab00000, 0x00000000f5580000)
  object space 175104K, 14% used [0x00000000e0000000,0x00000000e1811450,0x00000000eab00000)
 Metaspace       used 56480K, capacity 59060K, committed 59136K, reserved 1099776K
  class space    used 7580K, capacity 8125K, committed 8192K, reserved 1048576K
Event: 13.773 GC heap after
Heap after GC invocations=12 (full 2):
 PSYoungGen      total 147456K, used 12772K [0x00000000f5580000, 0x0000000100000000, 0x0000000100000000)
  eden space 134656K, 0% used [0x00000000f5580000,0x00000000f5580000,0x00000000fd900000)
  from space 12800K, 99% used [0x00000000ff380000,0x00000000ffff92e0,0x0000000100000000)
  to   space 19968K, 0% used [0x00000000fd900000,0x00000000fd900000,0x00000000fec80000)
 ParOldGen       total 175104K, used 31075K [0x00000000e0000000, 0x00000000eab00000, 0x00000000f5580000)
  object space 175104K, 17% used [0x00000000e0000000,0x00000000e1e58ce8,0x00000000eab00000)
 Metaspace       used 56480K, capacity 59060K, committed 59136K, reserved 1099776K
  class space    used 7580K, capacity 8125K, committed 8192K, reserved 1048576K
}
Event: 13.773 GC heap before
{Heap before GC invocations=13 (full 3):
 PSYoungGen      total 147456K, used 12772K [0x00000000f5580000, 0x0000000100000000, 0x0000000100000000)
  eden space 134656K, 0% used [0x00000000f5580000,0x00000000f5580000,0x00000000fd900000)
  from space 12800K, 99% used [0x00000000ff380000,0x00000000ffff92e0,0x0000000100000000)
  to   space 19968K, 0% used [0x00000000fd900000,0x00000000fd900000,0x00000000fec80000)
 ParOldGen       total 175104K, used 31075K [0x00000000e0000000, 0x00000000eab00000, 0x00000000f5580000)
  object space 175104K, 17% used [0x00000000e0000000,0x00000000e1e58ce8,0x00000000eab00000)
 Metaspace       used 56480K, capacity 59060K, committed 59136K, reserved 1099776K
  class space    used 7580K, capacity 8125K, committed 8192K, reserved 1048576K
Event: 13.955 GC heap after
Heap after GC invocations=13 (full 3):
 PSYoungGen      total 147456K, used 0K [0x00000000f5580000, 0x0000000100000000, 0x0000000100000000)
  eden space 134656K, 0% used [0x00000000f5580000,0x00000000f5580000,0x00000000fd900000)
  from space 12800K, 0% used [0x00000000ff380000,0x00000000ff380000,0x0000000100000000)
  to   space 19968K, 0% used [0x00000000fd900000,0x00000000fd900000,0x00000000fec80000)
 ParOldGen       total 187904K, used 32539K [0x00000000e0000000, 0x00000000eb780000, 0x00000000f5580000)
  object space 187904K, 17% used [0x00000000e0000000,0x00000000e1fc6e48,0x00000000eb780000)
 Metaspace       used 56414K, capacity 58838K, committed 59136K, reserved 1099776K
  class space    used 7560K, capacity 8088K, committed 8192K, reserved 1048576K
}
Event: 51.646 GC heap before
{Heap before GC invocations=14 (full 3):
 PSYoungGen      total 147456K, used 134656K [0x00000000f5580000, 0x0000000100000000, 0x0000000100000000)
  eden space 134656K, 100% used [0x00000000f5580000,0x00000000fd900000,0x00000000fd900000)
  from space 12800K, 0% used [0x00000000ff380000,0x00000000ff380000,0x0000000100000000)
  to   space 19968K, 0% used [0x00000000fd900000,0x00000000fd900000,0x00000000fec80000)
 ParOldGen       total 187904K, used 32539K [0x00000000e0000000, 0x00000000eb780000, 0x00000000f5580000)
  object space 187904K, 17% used [0x00000000e0000000,0x00000000e1fc6e48,0x00000000eb780000)
 Metaspace       used 62489K, capacity 65416K, committed 65536K, reserved 1105920K
  class space    used 8529K, capacity 9170K, committed 9216K, reserved 1048576K
Event: 51.653 GC heap after
Heap after GC invocations=14 (full 3):
 PSYoungGen      total 154624K, used 14029K [0x00000000f5580000, 0x0000000100000000, 0x0000000100000000)
  eden space 134656K, 0% used [0x00000000f5580000,0x00000000f5580000,0x00000000fd900000)
  from space 19968K, 70% used [0x00000000fd900000,0x00000000fe6b35b8,0x00000000fec80000)
  to   space 19968K, 0% used [0x00000000fec80000,0x00000000fec80000,0x0000000100000000)
 ParOldGen       total 187904K, used 32547K [0x00000000e0000000, 0x00000000eb780000, 0x00000000f5580000)
  object space 187904K, 17% used [0x00000000e0000000,0x00000000e1fc8e48,0x00000000eb780000)
 Metaspace       used 62489K, capacity 65416K, committed 65536K, reserved 1105920K
  class space    used 8529K, capacity 9170K, committed 9216K, reserved 1048576K
}
Event: 52.924 GC heap before
{Heap before GC invocations=15 (full 3):
 PSYoungGen      total 154624K, used 148685K [0x00000000f5580000, 0x0000000100000000, 0x0000000100000000)
  eden space 134656K, 100% used [0x00000000f5580000,0x00000000fd900000,0x00000000fd900000)
  from space 19968K, 70% used [0x00000000fd900000,0x00000000fe6b35b8,0x00000000fec80000)
  to   space 19968K, 0% used [0x00000000fec80000,0x00000000fec80000,0x0000000100000000)
 ParOldGen       total 187904K, used 32547K [0x00000000e0000000, 0x00000000eb780000, 0x00000000f5580000)
  object space 187904K, 17% used [0x00000000e0000000,0x00000000e1fc8e48,0x00000000eb780000)
 Metaspace       used 70072K, capacity 73912K, committed 74112K, reserved 1112064K
  class space    used 9739K, capacity 10577K, committed 10624K, reserved 1048576K
Event: 52.945 GC heap after
Heap after GC invocations=15 (full 3):
 PSYoungGen      total 144384K, used 19956K [0x00000000f5580000, 0x0000000100000000, 0x0000000100000000)
  eden space 124416K, 0% used [0x00000000f5580000,0x00000000f5580000,0x00000000fcf00000)
  from space 19968K, 99% used [0x00000000fec80000,0x00000000ffffd388,0x0000000100000000)
  to   space 25088K, 0% used [0x00000000fcf00000,0x00000000fcf00000,0x00000000fe780000)
 ParOldGen       total 187904K, used 39305K [0x00000000e0000000, 0x00000000eb780000, 0x00000000f5580000)
  object space 187904K, 20% used [0x00000000e0000000,0x00000000e2662480,0x00000000eb780000)
 Metaspace       used 70072K, capacity 73912K, committed 74112K, reserved 1112064K
  class space    used 9739K, capacity 10577K, committed 10624K, reserved 1048576K
}

